2019-12-17 11:42:47.430  INFO 19741 --- [main] o.l.e.w.c.ClinicaltrialsPaSpringBoot     : Starting ClinicaltrialsPaSpringBoot on nikhita-LIFEBOOK-E734 with PID 19741 (/home/nikhita/Downloads/emc-master/clinical-pa/target/classes started by nikhita in /home/nikhita/Downloads/emc-master/clinical-pa)
2019-12-17 11:42:47.433  INFO 19741 --- [main] o.l.e.w.c.ClinicaltrialsPaSpringBoot     : No active profile set, falling back to default profiles: default
2019-12-17 11:42:48.921  INFO 19741 --- [main] trationDelegate$BeanPostProcessorChecker : Bean 'org.springframework.transaction.annotation.ProxyTransactionManagementConfiguration' of type [org.springframework.transaction.annotation.ProxyTransactionManagementConfiguration$$EnhancerBySpringCGLIB$$af59a9b0] is not eligible for getting processed by all BeanPostProcessors (for example: not eligible for auto-proxying)
2019-12-17 11:42:49.215  INFO 19741 --- [main] o.s.b.w.embedded.tomcat.TomcatWebServer  : Tomcat initialized with port(s): 9999 (http)
2019-12-17 11:42:49.244  INFO 19741 --- [main] o.apache.catalina.core.StandardService   : Starting service [Tomcat]
2019-12-17 11:42:49.245  INFO 19741 --- [main] org.apache.catalina.core.StandardEngine  : Starting Servlet engine: [Apache Tomcat/9.0.24]
2019-12-17 11:42:49.331  INFO 19741 --- [main] o.a.c.c.C.[Tomcat].[localhost].[/]       : Initializing Spring embedded WebApplicationContext
2019-12-17 11:42:49.332  INFO 19741 --- [main] o.s.web.context.ContextLoader            : Root WebApplicationContext: initialization completed in 1858 ms
2019-12-17 11:42:50.273  INFO 19741 --- [main] o.s.b.a.e.web.EndpointLinksResolver      : Exposing 2 endpoint(s) beneath base path '/actuator'
2019-12-17 11:42:50.345  INFO 19741 --- [main] pertySourcedRequestMappingHandlerMapping : Mapped URL path [/v2/api-docs] onto method [public org.springframework.http.ResponseEntity<springfox.documentation.spring.web.json.Json> springfox.documentation.swagger2.web.Swagger2Controller.getDocumentation(java.lang.String,javax.servlet.http.HttpServletRequest)]
2019-12-17 11:42:50.459  INFO 19741 --- [main] o.s.s.concurrent.ThreadPoolTaskExecutor  : Initializing ExecutorService 'applicationTaskExecutor'
2019-12-17 11:42:50.731  INFO 19741 --- [main] d.s.w.p.DocumentationPluginsBootstrapper : Context refreshed
2019-12-17 11:42:50.744  INFO 19741 --- [main] d.s.w.p.DocumentationPluginsBootstrapper : Found 1 custom documentation plugin(s)
2019-12-17 11:42:50.772  INFO 19741 --- [main] s.d.s.w.s.ApiListingReferenceScanner     : Scanning for api listing references
2019-12-17 11:42:51.001  INFO 19741 --- [main] o.s.b.w.embedded.tomcat.TomcatWebServer  : Tomcat started on port(s): 9999 (http) with context path ''
2019-12-17 11:42:51.005  INFO 19741 --- [main] o.l.e.w.c.ClinicaltrialsPaSpringBoot     : Started ClinicaltrialsPaSpringBoot in 4.015 seconds (JVM running for 4.675)
2019-12-17 11:47:49.549  INFO 19741 --- [RMI TCP Connection(2)-127.0.0.1] inMXBeanRegistrar$SpringApplicationAdmin : Application shutdown requested.
2019-12-17 11:47:49.554  INFO 19741 --- [RMI TCP Connection(2)-127.0.0.1] o.s.s.concurrent.ThreadPoolTaskExecutor  : Shutting down ExecutorService 'applicationTaskExecutor'
2019-12-17 11:49:59.149  INFO 20283 --- [main] o.l.e.w.c.ClinicaltrialsPaSpringBoot     : Starting ClinicaltrialsPaSpringBoot on nikhita-LIFEBOOK-E734 with PID 20283 (/home/nikhita/Downloads/emc-master/clinical-pa/target/classes started by nikhita in /home/nikhita/Downloads/emc-master/clinical-pa)
2019-12-17 11:49:59.152  INFO 20283 --- [main] o.l.e.w.c.ClinicaltrialsPaSpringBoot     : No active profile set, falling back to default profiles: default
2019-12-17 11:50:00.862  INFO 20283 --- [main] trationDelegate$BeanPostProcessorChecker : Bean 'org.springframework.transaction.annotation.ProxyTransactionManagementConfiguration' of type [org.springframework.transaction.annotation.ProxyTransactionManagementConfiguration$$EnhancerBySpringCGLIB$$72fb25c4] is not eligible for getting processed by all BeanPostProcessors (for example: not eligible for auto-proxying)
2019-12-17 11:50:01.120  INFO 20283 --- [main] o.s.b.w.embedded.tomcat.TomcatWebServer  : Tomcat initialized with port(s): 9999 (http)
2019-12-17 11:50:01.150  INFO 20283 --- [main] o.apache.catalina.core.StandardService   : Starting service [Tomcat]
2019-12-17 11:50:01.151  INFO 20283 --- [main] org.apache.catalina.core.StandardEngine  : Starting Servlet engine: [Apache Tomcat/9.0.24]
2019-12-17 11:50:01.238  INFO 20283 --- [main] o.a.c.c.C.[Tomcat].[localhost].[/]       : Initializing Spring embedded WebApplicationContext
2019-12-17 11:50:01.238  INFO 20283 --- [main] o.s.web.context.ContextLoader            : Root WebApplicationContext: initialization completed in 2051 ms
2019-12-17 11:50:02.231  INFO 20283 --- [main] o.s.b.a.e.web.EndpointLinksResolver      : Exposing 2 endpoint(s) beneath base path '/actuator'
2019-12-17 11:50:02.306  INFO 20283 --- [main] pertySourcedRequestMappingHandlerMapping : Mapped URL path [/v2/api-docs] onto method [public org.springframework.http.ResponseEntity<springfox.documentation.spring.web.json.Json> springfox.documentation.swagger2.web.Swagger2Controller.getDocumentation(java.lang.String,javax.servlet.http.HttpServletRequest)]
2019-12-17 11:50:02.385  INFO 20283 --- [main] o.s.s.concurrent.ThreadPoolTaskExecutor  : Initializing ExecutorService 'applicationTaskExecutor'
2019-12-17 11:50:02.630  INFO 20283 --- [main] d.s.w.p.DocumentationPluginsBootstrapper : Context refreshed
2019-12-17 11:50:02.641  INFO 20283 --- [main] d.s.w.p.DocumentationPluginsBootstrapper : Found 1 custom documentation plugin(s)
2019-12-17 11:50:02.663  INFO 20283 --- [main] s.d.s.w.s.ApiListingReferenceScanner     : Scanning for api listing references
2019-12-17 11:50:02.891  INFO 20283 --- [main] o.s.b.w.embedded.tomcat.TomcatWebServer  : Tomcat started on port(s): 9999 (http) with context path ''
2019-12-17 11:50:02.897  INFO 20283 --- [main] o.l.e.w.c.ClinicaltrialsPaSpringBoot     : Started ClinicaltrialsPaSpringBoot in 4.155 seconds (JVM running for 4.803)
2019-12-17 11:56:48.155  INFO 20582 --- [main] o.l.e.w.c.ClinicaltrialsPaSpringBoot     : Starting ClinicaltrialsPaSpringBoot on nikhita-LIFEBOOK-E734 with PID 20582 (/home/nikhita/Downloads/emc-master/clinical-pa/target/classes started by nikhita in /home/nikhita/Downloads/emc-master/clinical-pa)
2019-12-17 11:56:48.161  INFO 20582 --- [main] o.l.e.w.c.ClinicaltrialsPaSpringBoot     : No active profile set, falling back to default profiles: default
2019-12-17 11:57:01.605  INFO 20582 --- [main] trationDelegate$BeanPostProcessorChecker : Bean 'org.springframework.transaction.annotation.ProxyTransactionManagementConfiguration' of type [org.springframework.transaction.annotation.ProxyTransactionManagementConfiguration$$EnhancerBySpringCGLIB$$f750b3fb] is not eligible for getting processed by all BeanPostProcessors (for example: not eligible for auto-proxying)
2019-12-17 11:57:01.925  INFO 20582 --- [main] o.s.b.w.embedded.tomcat.TomcatWebServer  : Tomcat initialized with port(s): 9999 (http)
2019-12-17 11:57:01.954  INFO 20582 --- [main] o.apache.catalina.core.StandardService   : Starting service [Tomcat]
2019-12-17 11:57:01.954  INFO 20582 --- [main] org.apache.catalina.core.StandardEngine  : Starting Servlet engine: [Apache Tomcat/9.0.24]
2019-12-17 11:57:02.055  INFO 20582 --- [main] o.a.c.c.C.[Tomcat].[localhost].[/]       : Initializing Spring embedded WebApplicationContext
2019-12-17 11:57:02.056  INFO 20582 --- [main] o.s.web.context.ContextLoader            : Root WebApplicationContext: initialization completed in 13858 ms
2019-12-17 11:57:24.799  INFO 20582 --- [main] o.s.b.a.e.web.EndpointLinksResolver      : Exposing 2 endpoint(s) beneath base path '/actuator'
2019-12-17 11:57:24.877  INFO 20582 --- [main] pertySourcedRequestMappingHandlerMapping : Mapped URL path [/v2/api-docs] onto method [public org.springframework.http.ResponseEntity<springfox.documentation.spring.web.json.Json> springfox.documentation.swagger2.web.Swagger2Controller.getDocumentation(java.lang.String,javax.servlet.http.HttpServletRequest)]
2019-12-17 11:57:50.305  INFO 20582 --- [main] o.s.s.concurrent.ThreadPoolTaskExecutor  : Initializing ExecutorService 'applicationTaskExecutor'
2019-12-17 11:57:50.665  INFO 20582 --- [main] d.s.w.p.DocumentationPluginsBootstrapper : Context refreshed
2019-12-17 11:57:50.676  INFO 20582 --- [main] d.s.w.p.DocumentationPluginsBootstrapper : Found 1 custom documentation plugin(s)
2019-12-17 11:57:50.758  INFO 20582 --- [main] s.d.s.w.s.ApiListingReferenceScanner     : Scanning for api listing references
2019-12-17 11:58:19.394 ERROR 20582 --- [main] org.apache.catalina.util.LifecycleBase   : Failed to start component [Connector[HTTP/1.1-9999]]

org.apache.catalina.LifecycleException: Protocol handler start failed
	at org.apache.catalina.connector.Connector.startInternal(Connector.java:1008) ~[tomcat-embed-core-9.0.24.jar:9.0.24]
	at org.apache.catalina.util.LifecycleBase.start(LifecycleBase.java:183) ~[tomcat-embed-core-9.0.24.jar:9.0.24]
	at org.apache.catalina.core.StandardService.addConnector(StandardService.java:227) ~[tomcat-embed-core-9.0.24.jar:9.0.24]
	at org.springframework.boot.web.embedded.tomcat.TomcatWebServer.addPreviouslyRemovedConnectors(TomcatWebServer.java:263) ~[spring-boot-2.1.8.RELEASE.jar:2.1.8.RELEASE]
	at org.springframework.boot.web.embedded.tomcat.TomcatWebServer.start(TomcatWebServer.java:195) ~[spring-boot-2.1.8.RELEASE.jar:2.1.8.RELEASE]
	at org.springframework.boot.web.servlet.context.ServletWebServerApplicationContext.startWebServer(ServletWebServerApplicationContext.java:297) ~[spring-boot-2.1.8.RELEASE.jar:2.1.8.RELEASE]
	at org.springframework.boot.web.servlet.context.ServletWebServerApplicationContext.finishRefresh(ServletWebServerApplicationContext.java:163) ~[spring-boot-2.1.8.RELEASE.jar:2.1.8.RELEASE]
	at org.springframework.context.support.AbstractApplicationContext.refresh(AbstractApplicationContext.java:552) ~[spring-context-5.1.9.RELEASE.jar:5.1.9.RELEASE]
	at org.springframework.boot.web.servlet.context.ServletWebServerApplicationContext.refresh(ServletWebServerApplicationContext.java:141) ~[spring-boot-2.1.8.RELEASE.jar:2.1.8.RELEASE]
	at org.springframework.boot.SpringApplication.refresh(SpringApplication.java:744) ~[spring-boot-2.1.8.RELEASE.jar:2.1.8.RELEASE]
	at org.springframework.boot.SpringApplication.refreshContext(SpringApplication.java:391) ~[spring-boot-2.1.8.RELEASE.jar:2.1.8.RELEASE]
	at org.springframework.boot.SpringApplication.run(SpringApplication.java:312) ~[spring-boot-2.1.8.RELEASE.jar:2.1.8.RELEASE]
	at org.lhasalimited.etransafe.wp6.clinical.ClinicaltrialsPaSpringBoot.main(ClinicaltrialsPaSpringBoot.java:50) ~[classes/:na]
Caused by: java.net.BindException: Address already in use
	at java.base/sun.nio.ch.Net.bind0(Native Method) ~[na:na]
	at java.base/sun.nio.ch.Net.bind(Net.java:461) ~[na:na]
	at java.base/sun.nio.ch.Net.bind(Net.java:453) ~[na:na]
	at java.base/sun.nio.ch.ServerSocketChannelImpl.bind(ServerSocketChannelImpl.java:227) ~[na:na]
	at java.base/sun.nio.ch.ServerSocketAdaptor.bind(ServerSocketAdaptor.java:80) ~[na:na]
	at org.apache.tomcat.util.net.NioEndpoint.initServerSocket(NioEndpoint.java:230) ~[tomcat-embed-core-9.0.24.jar:9.0.24]
	at org.apache.tomcat.util.net.NioEndpoint.bind(NioEndpoint.java:213) ~[tomcat-embed-core-9.0.24.jar:9.0.24]
	at org.apache.tomcat.util.net.AbstractEndpoint.bindWithCleanup(AbstractEndpoint.java:1124) ~[tomcat-embed-core-9.0.24.jar:9.0.24]
	at org.apache.tomcat.util.net.AbstractEndpoint.start(AbstractEndpoint.java:1210) ~[tomcat-embed-core-9.0.24.jar:9.0.24]
	at org.apache.coyote.AbstractProtocol.start(AbstractProtocol.java:585) ~[tomcat-embed-core-9.0.24.jar:9.0.24]
	at org.apache.catalina.connector.Connector.startInternal(Connector.java:1005) ~[tomcat-embed-core-9.0.24.jar:9.0.24]
	... 12 common frames omitted

2019-12-17 11:58:19.403  INFO 20582 --- [main] o.apache.catalina.core.StandardService   : Stopping service [Tomcat]
2019-12-17 11:58:19.420  INFO 20582 --- [main] ConditionEvaluationReportLoggingListener : 

Error starting ApplicationContext. To display the conditions report re-run your application with 'debug' enabled.
2019-12-17 11:58:19.426 ERROR 20582 --- [main] o.s.b.d.LoggingFailureAnalysisReporter   : 

***************************
APPLICATION FAILED TO START
***************************

Description:

The Tomcat connector configured to listen on port 9999 failed to start. The port may already be in use or the connector may be misconfigured.

Action:

Verify the connector's configuration, identify and stop any process that's listening on port 9999, or configure this application to listen on another port.

2019-12-17 11:58:19.438  INFO 20582 --- [main] o.s.s.concurrent.ThreadPoolTaskExecutor  : Shutting down ExecutorService 'applicationTaskExecutor'
2019-12-17 11:58:50.734  INFO 20283 --- [RMI TCP Connection(2)-127.0.0.1] inMXBeanRegistrar$SpringApplicationAdmin : Application shutdown requested.
2019-12-17 11:58:50.746  INFO 20283 --- [RMI TCP Connection(2)-127.0.0.1] o.s.s.concurrent.ThreadPoolTaskExecutor  : Shutting down ExecutorService 'applicationTaskExecutor'
2019-12-17 12:03:46.424  INFO 20938 --- [main] o.l.e.w.c.ClinicaltrialsPaSpringBoot     : Starting ClinicaltrialsPaSpringBoot on nikhita-LIFEBOOK-E734 with PID 20938 (/home/nikhita/Downloads/emc-master/clinical-pa/target/classes started by nikhita in /home/nikhita/Downloads/emc-master/clinical-pa)
2019-12-17 12:03:46.427  INFO 20938 --- [main] o.l.e.w.c.ClinicaltrialsPaSpringBoot     : No active profile set, falling back to default profiles: default
2019-12-17 12:03:47.907  INFO 20938 --- [main] trationDelegate$BeanPostProcessorChecker : Bean 'org.springframework.transaction.annotation.ProxyTransactionManagementConfiguration' of type [org.springframework.transaction.annotation.ProxyTransactionManagementConfiguration$$EnhancerBySpringCGLIB$$aca500ea] is not eligible for getting processed by all BeanPostProcessors (for example: not eligible for auto-proxying)
2019-12-17 12:03:48.197  INFO 20938 --- [main] o.s.b.w.embedded.tomcat.TomcatWebServer  : Tomcat initialized with port(s): 9999 (http)
2019-12-17 12:03:48.224  INFO 20938 --- [main] o.apache.catalina.core.StandardService   : Starting service [Tomcat]
2019-12-17 12:03:48.224  INFO 20938 --- [main] org.apache.catalina.core.StandardEngine  : Starting Servlet engine: [Apache Tomcat/9.0.24]
2019-12-17 12:03:48.311  INFO 20938 --- [main] o.a.c.c.C.[Tomcat].[localhost].[/]       : Initializing Spring embedded WebApplicationContext
2019-12-17 12:03:48.311  INFO 20938 --- [main] o.s.web.context.ContextLoader            : Root WebApplicationContext: initialization completed in 1840 ms
2019-12-17 12:03:49.524  INFO 20938 --- [main] o.s.b.a.e.web.EndpointLinksResolver      : Exposing 2 endpoint(s) beneath base path '/actuator'
2019-12-17 12:03:49.602  INFO 20938 --- [main] pertySourcedRequestMappingHandlerMapping : Mapped URL path [/v2/api-docs] onto method [public org.springframework.http.ResponseEntity<springfox.documentation.spring.web.json.Json> springfox.documentation.swagger2.web.Swagger2Controller.getDocumentation(java.lang.String,javax.servlet.http.HttpServletRequest)]
2019-12-17 12:03:49.691  INFO 20938 --- [main] o.s.s.concurrent.ThreadPoolTaskExecutor  : Initializing ExecutorService 'applicationTaskExecutor'
2019-12-17 12:03:49.932  INFO 20938 --- [main] d.s.w.p.DocumentationPluginsBootstrapper : Context refreshed
2019-12-17 12:03:49.943  INFO 20938 --- [main] d.s.w.p.DocumentationPluginsBootstrapper : Found 1 custom documentation plugin(s)
2019-12-17 12:03:49.966  INFO 20938 --- [main] s.d.s.w.s.ApiListingReferenceScanner     : Scanning for api listing references
2019-12-17 12:03:50.205  INFO 20938 --- [main] o.s.b.w.embedded.tomcat.TomcatWebServer  : Tomcat started on port(s): 9999 (http) with context path ''
2019-12-17 12:03:50.209  INFO 20938 --- [main] o.l.e.w.c.ClinicaltrialsPaSpringBoot     : Started ClinicaltrialsPaSpringBoot in 4.177 seconds (JVM running for 4.949)
2019-12-17 12:04:28.894  INFO 20938 --- [http-nio-9999-exec-1] o.a.c.c.C.[Tomcat].[localhost].[/]       : Initializing Spring DispatcherServlet 'dispatcherServlet'
2019-12-17 12:04:28.894  INFO 20938 --- [http-nio-9999-exec-1] o.s.web.servlet.DispatcherServlet        : Initializing Servlet 'dispatcherServlet'
2019-12-17 12:04:28.901  INFO 20938 --- [http-nio-9999-exec-1] o.s.web.servlet.DispatcherServlet        : Completed initialization in 6 ms
2019-12-17 12:04:41.569  INFO 20938 --- [http-nio-9999-exec-2] o.apache.coyote.http11.Http11Processor   : Error parsing HTTP request header
 Note: further occurrences of HTTP request parsing errors will be logged at DEBUG level.

java.lang.IllegalArgumentException: Invalid character found in method name. HTTP method names must be tokens
	at org.apache.coyote.http11.Http11InputBuffer.parseRequestLine(Http11InputBuffer.java:415) ~[tomcat-embed-core-9.0.24.jar:9.0.24]
	at org.apache.coyote.http11.Http11Processor.service(Http11Processor.java:292) ~[tomcat-embed-core-9.0.24.jar:9.0.24]
	at org.apache.coyote.AbstractProcessorLight.process(AbstractProcessorLight.java:66) ~[tomcat-embed-core-9.0.24.jar:9.0.24]
	at org.apache.coyote.AbstractProtocol$ConnectionHandler.process(AbstractProtocol.java:860) ~[tomcat-embed-core-9.0.24.jar:9.0.24]
	at org.apache.tomcat.util.net.NioEndpoint$SocketProcessor.doRun(NioEndpoint.java:1587) ~[tomcat-embed-core-9.0.24.jar:9.0.24]
	at org.apache.tomcat.util.net.SocketProcessorBase.run(SocketProcessorBase.java:49) ~[tomcat-embed-core-9.0.24.jar:9.0.24]
	at java.base/java.util.concurrent.ThreadPoolExecutor.runWorker(ThreadPoolExecutor.java:1128) ~[na:na]
	at java.base/java.util.concurrent.ThreadPoolExecutor$Worker.run(ThreadPoolExecutor.java:628) ~[na:na]
	at org.apache.tomcat.util.threads.TaskThread$WrappingRunnable.run(TaskThread.java:61) ~[tomcat-embed-core-9.0.24.jar:9.0.24]
	at java.base/java.lang.Thread.run(Thread.java:834) ~[na:na]

